[2m2019-12-10 12:43:21.305[0;39m [32m INFO[0;39m [35m16624[0;39m [2m---[0;39m [2m[           main][0;39m [36mc.n.s.SpringBootAdminClientApplication  [0;39m [2m:[0;39m Starting SpringBootAdminClientApplication on U300116 with PID 16624 (C:\Users\C803097\Documents\Filip\hackaton\dev\spring-exchange\spring-boot-admin-client-master\target\classes started by C803097 in C:\Users\C803097\Documents\Filip\hackaton\dev\spring-exchange\spring-boot-admin-client-master)
[2m2019-12-10 12:43:21.308[0;39m [32m INFO[0;39m [35m16624[0;39m [2m---[0;39m [2m[           main][0;39m [36mc.n.s.SpringBootAdminClientApplication  [0;39m [2m:[0;39m No active profile set, falling back to default profiles: default
[2m2019-12-10 12:43:22.407[0;39m [32m INFO[0;39m [35m16624[0;39m [2m---[0;39m [2m[           main][0;39m [36m.s.d.r.c.RepositoryConfigurationDelegate[0;39m [2m:[0;39m Bootstrapping Spring Data repositories in DEFAULT mode.
[2m2019-12-10 12:43:22.482[0;39m [32m INFO[0;39m [35m16624[0;39m [2m---[0;39m [2m[           main][0;39m [36m.s.d.r.c.RepositoryConfigurationDelegate[0;39m [2m:[0;39m Finished Spring Data repository scanning in 63ms. Found 1 repository interfaces.
[2m2019-12-10 12:43:22.870[0;39m [32m INFO[0;39m [35m16624[0;39m [2m---[0;39m [2m[           main][0;39m [36mtrationDelegate$BeanPostProcessorChecker[0;39m [2m:[0;39m Bean 'org.springframework.transaction.annotation.ProxyTransactionManagementConfiguration' of type [org.springframework.transaction.annotation.ProxyTransactionManagementConfiguration$$EnhancerBySpringCGLIB$$c9543b3] is not eligible for getting processed by all BeanPostProcessors (for example: not eligible for auto-proxying)
[2m2019-12-10 12:43:23.246[0;39m [32m INFO[0;39m [35m16624[0;39m [2m---[0;39m [2m[           main][0;39m [36mo.s.b.w.embedded.tomcat.TomcatWebServer [0;39m [2m:[0;39m Tomcat initialized with port(s): 8000 (http)
[2m2019-12-10 12:43:23.273[0;39m [32m INFO[0;39m [35m16624[0;39m [2m---[0;39m [2m[           main][0;39m [36mo.apache.catalina.core.StandardService  [0;39m [2m:[0;39m Starting service [Tomcat]
[2m2019-12-10 12:43:23.273[0;39m [32m INFO[0;39m [35m16624[0;39m [2m---[0;39m [2m[           main][0;39m [36morg.apache.catalina.core.StandardEngine [0;39m [2m:[0;39m Starting Servlet engine: [Apache Tomcat/9.0.24]
[2m2019-12-10 12:43:23.437[0;39m [32m INFO[0;39m [35m16624[0;39m [2m---[0;39m [2m[           main][0;39m [36mo.a.c.c.C.[Tomcat].[localhost].[/api]   [0;39m [2m:[0;39m Initializing Spring embedded WebApplicationContext
[2m2019-12-10 12:43:23.437[0;39m [32m INFO[0;39m [35m16624[0;39m [2m---[0;39m [2m[           main][0;39m [36mo.s.web.context.ContextLoader           [0;39m [2m:[0;39m Root WebApplicationContext: initialization completed in 2048 ms
[2m2019-12-10 12:43:23.933[0;39m [32m INFO[0;39m [35m16624[0;39m [2m---[0;39m [2m[           main][0;39m [36mo.s.b.a.e.web.ServletEndpointRegistrar  [0;39m [2m:[0;39m Registered '/manage/jolokia' to jolokia-actuator-endpoint
[2m2019-12-10 12:43:24.020[0;39m [32m INFO[0;39m [35m16624[0;39m [2m---[0;39m [2m[           main][0;39m [36mcom.zaxxer.hikari.HikariDataSource      [0;39m [2m:[0;39m HikariPool-1 - Starting...
[2m2019-12-10 12:43:24.106[0;39m [32m INFO[0;39m [35m16624[0;39m [2m---[0;39m [2m[           main][0;39m [36mcom.zaxxer.hikari.HikariDataSource      [0;39m [2m:[0;39m HikariPool-1 - Start completed.
[2m2019-12-10 12:43:24.161[0;39m [32m INFO[0;39m [35m16624[0;39m [2m---[0;39m [2m[           main][0;39m [36mo.hibernate.jpa.internal.util.LogHelper [0;39m [2m:[0;39m HHH000204: Processing PersistenceUnitInfo [
	name: default
	...]
[2m2019-12-10 12:43:24.221[0;39m [32m INFO[0;39m [35m16624[0;39m [2m---[0;39m [2m[           main][0;39m [36morg.hibernate.Version                   [0;39m [2m:[0;39m HHH000412: Hibernate Core {5.3.11.Final}
[2m2019-12-10 12:43:24.223[0;39m [32m INFO[0;39m [35m16624[0;39m [2m---[0;39m [2m[           main][0;39m [36morg.hibernate.cfg.Environment           [0;39m [2m:[0;39m HHH000206: hibernate.properties not found
[2m2019-12-10 12:43:24.342[0;39m [32m INFO[0;39m [35m16624[0;39m [2m---[0;39m [2m[           main][0;39m [36mo.hibernate.annotations.common.Version  [0;39m [2m:[0;39m HCANN000001: Hibernate Commons Annotations {5.0.4.Final}
[2m2019-12-10 12:43:24.552[0;39m [32m INFO[0;39m [35m16624[0;39m [2m---[0;39m [2m[           main][0;39m [36morg.hibernate.dialect.Dialect           [0;39m [2m:[0;39m HHH000400: Using dialect: org.hibernate.dialect.H2Dialect
[2m2019-12-10 12:43:25.204[0;39m [32m INFO[0;39m [35m16624[0;39m [2m---[0;39m [2m[           main][0;39m [36mo.h.t.schema.internal.SchemaCreatorImpl [0;39m [2m:[0;39m HHH000476: Executing import script 'org.hibernate.tool.schema.internal.exec.ScriptSourceInputNonExistentImpl@28295554'
[2m2019-12-10 12:43:25.209[0;39m [32m INFO[0;39m [35m16624[0;39m [2m---[0;39m [2m[           main][0;39m [36mj.LocalContainerEntityManagerFactoryBean[0;39m [2m:[0;39m Initialized JPA EntityManagerFactory for persistence unit 'default'
[2m2019-12-10 12:43:25.867[0;39m [32m INFO[0;39m [35m16624[0;39m [2m---[0;39m [2m[           main][0;39m [36mo.s.s.concurrent.ThreadPoolTaskExecutor [0;39m [2m:[0;39m Initializing ExecutorService 'applicationTaskExecutor'
[2m2019-12-10 12:43:25.916[0;39m [33m WARN[0;39m [35m16624[0;39m [2m---[0;39m [2m[           main][0;39m [36maWebConfiguration$JpaWebMvcConfiguration[0;39m [2m:[0;39m spring.jpa.open-in-view is enabled by default. Therefore, database queries may be performed during view rendering. Explicitly configure spring.jpa.open-in-view to disable this warning
[2m2019-12-10 12:43:26.180[0;39m [32m INFO[0;39m [35m16624[0;39m [2m---[0;39m [2m[           main][0;39m [36mo.s.s.c.ThreadPoolTaskScheduler         [0;39m [2m:[0;39m Initializing ExecutorService
[2m2019-12-10 12:43:26.269[0;39m [32m INFO[0;39m [35m16624[0;39m [2m---[0;39m [2m[           main][0;39m [36mo.s.s.c.ThreadPoolTaskScheduler         [0;39m [2m:[0;39m Initializing ExecutorService 'taskScheduler'
[2m2019-12-10 12:43:26.285[0;39m [32m INFO[0;39m [35m16624[0;39m [2m---[0;39m [2m[           main][0;39m [36mo.s.b.a.e.web.EndpointLinksResolver     [0;39m [2m:[0;39m Exposing 17 endpoint(s) beneath base path '/manage'
[2m2019-12-10 12:43:26.360[0;39m [32m INFO[0;39m [35m16624[0;39m [2m---[0;39m [2m[           main][0;39m [36mo.s.b.w.embedded.tomcat.TomcatWebServer [0;39m [2m:[0;39m Tomcat started on port(s): 8000 (http) with context path '/api'
[2m2019-12-10 12:43:26.363[0;39m [32m INFO[0;39m [35m16624[0;39m [2m---[0;39m [2m[           main][0;39m [36mc.n.s.SpringBootAdminClientApplication  [0;39m [2m:[0;39m Started SpringBootAdminClientApplication in 5.714 seconds (JVM running for 7.262)
[2m2019-12-10 12:43:26.499[0;39m [32m INFO[0;39m [35m16624[0;39m [2m---[0;39m [2m[gistrationTask1][0;39m [36md.c.b.a.c.r.ApplicationRegistrator      [0;39m [2m:[0;39m Application registered itself as d4a0f3829a17
[2m2019-12-10 12:43:26.525[0;39m [32m INFO[0;39m [35m16624[0;39m [2m---[0;39m [2m[nio-8000-exec-1][0;39m [36mo.a.c.c.C.[Tomcat].[localhost].[/api]   [0;39m [2m:[0;39m Initializing Spring DispatcherServlet 'dispatcherServlet'
[2m2019-12-10 12:43:26.525[0;39m [32m INFO[0;39m [35m16624[0;39m [2m---[0;39m [2m[nio-8000-exec-1][0;39m [36mo.s.web.servlet.DispatcherServlet       [0;39m [2m:[0;39m Initializing Servlet 'dispatcherServlet'
[2m2019-12-10 12:43:26.534[0;39m [32m INFO[0;39m [35m16624[0;39m [2m---[0;39m [2m[nio-8000-exec-1][0;39m [36mo.s.web.servlet.DispatcherServlet       [0;39m [2m:[0;39m Completed initialization in 9 ms
[2m2019-12-10 12:43:57.384[0;39m [33m WARN[0;39m [35m16624[0;39m [2m---[0;39m [2m[gistrationTask1][0;39m [36md.c.b.a.c.r.ApplicationRegistrator      [0;39m [2m:[0;39m Failed to register application as Application(name=client-service, managementUrl=http://U300116.sanet17.ch:8000/api/manage, healthUrl=http://U300116.sanet17.ch:8000/api/manage/health, serviceUrl=http://U300116.sanet17.ch:8000/api) at spring-boot-admin ([http://localhost:8080/instances]): I/O error on POST request for "http://localhost:8080/instances": Connection refused: connect; nested exception is java.net.ConnectException: Connection refused: connect. Further attempts are logged on DEBUG level
[2m2019-12-10 12:44:00.002[0;39m [32m INFO[0;39m [35m16624[0;39m [2m---[0;39m [2m[   scheduling-1][0;39m [36mc.n.s.scheduler.DeleteUsersScheduler    [0;39m [2m:[0;39m === CRON DELETE ALL USERS ===
[2m2019-12-10 12:44:00.062[0;39m [32m INFO[0;39m [35m16624[0;39m [2m---[0;39m [2m[   scheduling-1][0;39m [36mo.h.h.i.QueryTranslatorFactoryInitiator [0;39m [2m:[0;39m HHH000397: Using ASTQueryTranslatorFactory
[2m2019-12-10 12:45:00.002[0;39m [32m INFO[0;39m [35m16624[0;39m [2m---[0;39m [2m[   scheduling-1][0;39m [36mc.n.s.scheduler.DeleteUsersScheduler    [0;39m [2m:[0;39m === CRON DELETE ALL USERS ===
[2m2019-12-10 12:46:00.002[0;39m [32m INFO[0;39m [35m16624[0;39m [2m---[0;39m [2m[   scheduling-1][0;39m [36mc.n.s.scheduler.DeleteUsersScheduler    [0;39m [2m:[0;39m === CRON DELETE ALL USERS ===
[2m2019-12-10 12:47:00.000[0;39m [32m INFO[0;39m [35m16624[0;39m [2m---[0;39m [2m[   scheduling-1][0;39m [36mc.n.s.scheduler.DeleteUsersScheduler    [0;39m [2m:[0;39m === CRON DELETE ALL USERS ===
[2m2019-12-10 12:48:00.003[0;39m [32m INFO[0;39m [35m16624[0;39m [2m---[0;39m [2m[   scheduling-1][0;39m [36mc.n.s.scheduler.DeleteUsersScheduler    [0;39m [2m:[0;39m === CRON DELETE ALL USERS ===
[2m2019-12-10 12:49:00.001[0;39m [32m INFO[0;39m [35m16624[0;39m [2m---[0;39m [2m[   scheduling-1][0;39m [36mc.n.s.scheduler.DeleteUsersScheduler    [0;39m [2m:[0;39m === CRON DELETE ALL USERS ===
[2m2019-12-10 12:50:00.002[0;39m [32m INFO[0;39m [35m16624[0;39m [2m---[0;39m [2m[   scheduling-1][0;39m [36mc.n.s.scheduler.DeleteUsersScheduler    [0;39m [2m:[0;39m === CRON DELETE ALL USERS ===
[2m2019-12-10 12:51:00.001[0;39m [32m INFO[0;39m [35m16624[0;39m [2m---[0;39m [2m[   scheduling-1][0;39m [36mc.n.s.scheduler.DeleteUsersScheduler    [0;39m [2m:[0;39m === CRON DELETE ALL USERS ===
[2m2019-12-10 12:51:27.387[0;39m [33m WARN[0;39m [35m16624[0;39m [2m---[0;39m [2m[gistrationTask1][0;39m [36md.c.b.a.c.r.ApplicationRegistrator      [0;39m [2m:[0;39m Failed to register application as Application(name=client-service, managementUrl=http://U300116.sanet17.ch:8000/api/manage, healthUrl=http://U300116.sanet17.ch:8000/api/manage/health, serviceUrl=http://U300116.sanet17.ch:8000/api) at spring-boot-admin ([http://localhost:8080/instances]): I/O error on POST request for "http://localhost:8080/instances": Connection refused: connect; nested exception is java.net.ConnectException: Connection refused: connect. Further attempts are logged on DEBUG level
[2m2019-12-10 12:52:00.001[0;39m [32m INFO[0;39m [35m16624[0;39m [2m---[0;39m [2m[   scheduling-1][0;39m [36mc.n.s.scheduler.DeleteUsersScheduler    [0;39m [2m:[0;39m === CRON DELETE ALL USERS ===
[2m2019-12-10 12:53:00.000[0;39m [32m INFO[0;39m [35m16624[0;39m [2m---[0;39m [2m[   scheduling-1][0;39m [36mc.n.s.scheduler.DeleteUsersScheduler    [0;39m [2m:[0;39m === CRON DELETE ALL USERS ===
[2m2019-12-10 12:54:00.002[0;39m [32m INFO[0;39m [35m16624[0;39m [2m---[0;39m [2m[   scheduling-1][0;39m [36mc.n.s.scheduler.DeleteUsersScheduler    [0;39m [2m:[0;39m === CRON DELETE ALL USERS ===
[2m2019-12-10 12:55:00.001[0;39m [32m INFO[0;39m [35m16624[0;39m [2m---[0;39m [2m[   scheduling-1][0;39m [36mc.n.s.scheduler.DeleteUsersScheduler    [0;39m [2m:[0;39m === CRON DELETE ALL USERS ===
[2m2019-12-10 12:56:00.000[0;39m [32m INFO[0;39m [35m16624[0;39m [2m---[0;39m [2m[   scheduling-1][0;39m [36mc.n.s.scheduler.DeleteUsersScheduler    [0;39m [2m:[0;39m === CRON DELETE ALL USERS ===
[2m2019-12-10 12:57:00.002[0;39m [32m INFO[0;39m [35m16624[0;39m [2m---[0;39m [2m[   scheduling-1][0;39m [36mc.n.s.scheduler.DeleteUsersScheduler    [0;39m [2m:[0;39m === CRON DELETE ALL USERS ===
[2m2019-12-10 12:58:00.001[0;39m [32m INFO[0;39m [35m16624[0;39m [2m---[0;39m [2m[   scheduling-1][0;39m [36mc.n.s.scheduler.DeleteUsersScheduler    [0;39m [2m:[0;39m === CRON DELETE ALL USERS ===
[2m2019-12-10 12:59:00.001[0;39m [32m INFO[0;39m [35m16624[0;39m [2m---[0;39m [2m[   scheduling-1][0;39m [36mc.n.s.scheduler.DeleteUsersScheduler    [0;39m [2m:[0;39m === CRON DELETE ALL USERS ===
[2m2019-12-10 13:00:00.002[0;39m [32m INFO[0;39m [35m16624[0;39m [2m---[0;39m [2m[   scheduling-1][0;39m [36mc.n.s.scheduler.DeleteUsersScheduler    [0;39m [2m:[0;39m === CRON DELETE ALL USERS ===
[2m2019-12-10 13:01:00.000[0;39m [32m INFO[0;39m [35m16624[0;39m [2m---[0;39m [2m[   scheduling-1][0;39m [36mc.n.s.scheduler.DeleteUsersScheduler    [0;39m [2m:[0;39m === CRON DELETE ALL USERS ===
[2m2019-12-10 13:02:00.002[0;39m [32m INFO[0;39m [35m16624[0;39m [2m---[0;39m [2m[   scheduling-1][0;39m [36mc.n.s.scheduler.DeleteUsersScheduler    [0;39m [2m:[0;39m === CRON DELETE ALL USERS ===
[2m2019-12-10 13:03:00.001[0;39m [32m INFO[0;39m [35m16624[0;39m [2m---[0;39m [2m[   scheduling-1][0;39m [36mc.n.s.scheduler.DeleteUsersScheduler    [0;39m [2m:[0;39m === CRON DELETE ALL USERS ===
[2m2019-12-10 13:04:00.001[0;39m [32m INFO[0;39m [35m16624[0;39m [2m---[0;39m [2m[   scheduling-1][0;39m [36mc.n.s.scheduler.DeleteUsersScheduler    [0;39m [2m:[0;39m === CRON DELETE ALL USERS ===
[2m2019-12-10 13:05:00.000[0;39m [32m INFO[0;39m [35m16624[0;39m [2m---[0;39m [2m[   scheduling-1][0;39m [36mc.n.s.scheduler.DeleteUsersScheduler    [0;39m [2m:[0;39m === CRON DELETE ALL USERS ===
[2m2019-12-10 13:06:00.004[0;39m [32m INFO[0;39m [35m16624[0;39m [2m---[0;39m [2m[   scheduling-1][0;39m [36mc.n.s.scheduler.DeleteUsersScheduler    [0;39m [2m:[0;39m === CRON DELETE ALL USERS ===
[2m2019-12-10 13:13:03.255[0;39m [32m INFO[0;39m [35m2080[0;39m [2m---[0;39m [2m[           main][0;39m [36mc.n.s.SpringBootAdminClientApplication  [0;39m [2m:[0;39m Starting SpringBootAdminClientApplication on U300116 with PID 2080 (C:\Users\C803097\Documents\Filip\hackaton\dev\spring-exchange\spring-boot-admin-client-master\target\classes started by C803097 in C:\Users\C803097\Documents\Filip\hackaton\dev\spring-exchange\spring-boot-admin-client-master)
[2m2019-12-10 13:13:03.259[0;39m [32m INFO[0;39m [35m2080[0;39m [2m---[0;39m [2m[           main][0;39m [36mc.n.s.SpringBootAdminClientApplication  [0;39m [2m:[0;39m No active profile set, falling back to default profiles: default
[2m2019-12-10 13:13:04.441[0;39m [32m INFO[0;39m [35m2080[0;39m [2m---[0;39m [2m[           main][0;39m [36m.s.d.r.c.RepositoryConfigurationDelegate[0;39m [2m:[0;39m Bootstrapping Spring Data repositories in DEFAULT mode.
[2m2019-12-10 13:13:04.512[0;39m [32m INFO[0;39m [35m2080[0;39m [2m---[0;39m [2m[           main][0;39m [36m.s.d.r.c.RepositoryConfigurationDelegate[0;39m [2m:[0;39m Finished Spring Data repository scanning in 59ms. Found 1 repository interfaces.
[2m2019-12-10 13:13:04.967[0;39m [32m INFO[0;39m [35m2080[0;39m [2m---[0;39m [2m[           main][0;39m [36mtrationDelegate$BeanPostProcessorChecker[0;39m [2m:[0;39m Bean 'org.springframework.transaction.annotation.ProxyTransactionManagementConfiguration' of type [org.springframework.transaction.annotation.ProxyTransactionManagementConfiguration$$EnhancerBySpringCGLIB$$3c0dcc73] is not eligible for getting processed by all BeanPostProcessors (for example: not eligible for auto-proxying)
[2m2019-12-10 13:13:06.472[0;39m [32m INFO[0;39m [35m2080[0;39m [2m---[0;39m [2m[           main][0;39m [36mo.s.b.w.embedded.tomcat.TomcatWebServer [0;39m [2m:[0;39m Tomcat initialized with port(s): 8000 (http)
[2m2019-12-10 13:13:06.511[0;39m [32m INFO[0;39m [35m2080[0;39m [2m---[0;39m [2m[           main][0;39m [36mo.apache.catalina.core.StandardService  [0;39m [2m:[0;39m Starting service [Tomcat]
[2m2019-12-10 13:13:06.512[0;39m [32m INFO[0;39m [35m2080[0;39m [2m---[0;39m [2m[           main][0;39m [36morg.apache.catalina.core.StandardEngine [0;39m [2m:[0;39m Starting Servlet engine: [Apache Tomcat/9.0.24]
[2m2019-12-10 13:13:06.707[0;39m [32m INFO[0;39m [35m2080[0;39m [2m---[0;39m [2m[           main][0;39m [36mo.a.c.c.C.[Tomcat].[localhost].[/api]   [0;39m [2m:[0;39m Initializing Spring embedded WebApplicationContext
[2m2019-12-10 13:13:06.708[0;39m [32m INFO[0;39m [35m2080[0;39m [2m---[0;39m [2m[           main][0;39m [36mo.s.web.context.ContextLoader           [0;39m [2m:[0;39m Root WebApplicationContext: initialization completed in 3357 ms
[2m2019-12-10 13:13:07.304[0;39m [32m INFO[0;39m [35m2080[0;39m [2m---[0;39m [2m[           main][0;39m [36mo.s.b.a.e.web.ServletEndpointRegistrar  [0;39m [2m:[0;39m Registered '/manage/jolokia' to jolokia-actuator-endpoint
[2m2019-12-10 13:13:07.458[0;39m [32m INFO[0;39m [35m2080[0;39m [2m---[0;39m [2m[           main][0;39m [36mcom.zaxxer.hikari.HikariDataSource      [0;39m [2m:[0;39m HikariPool-1 - Starting...
[2m2019-12-10 13:13:07.566[0;39m [32m INFO[0;39m [35m2080[0;39m [2m---[0;39m [2m[           main][0;39m [36mcom.zaxxer.hikari.HikariDataSource      [0;39m [2m:[0;39m HikariPool-1 - Start completed.
[2m2019-12-10 13:13:07.663[0;39m [32m INFO[0;39m [35m2080[0;39m [2m---[0;39m [2m[           main][0;39m [36mo.hibernate.jpa.internal.util.LogHelper [0;39m [2m:[0;39m HHH000204: Processing PersistenceUnitInfo [
	name: default
	...]
[2m2019-12-10 13:13:07.839[0;39m [32m INFO[0;39m [35m2080[0;39m [2m---[0;39m [2m[           main][0;39m [36morg.hibernate.Version                   [0;39m [2m:[0;39m HHH000412: Hibernate Core {5.3.11.Final}
[2m2019-12-10 13:13:07.841[0;39m [32m INFO[0;39m [35m2080[0;39m [2m---[0;39m [2m[           main][0;39m [36morg.hibernate.cfg.Environment           [0;39m [2m:[0;39m HHH000206: hibernate.properties not found
[2m2019-12-10 13:13:08.142[0;39m [32m INFO[0;39m [35m2080[0;39m [2m---[0;39m [2m[           main][0;39m [36mo.hibernate.annotations.common.Version  [0;39m [2m:[0;39m HCANN000001: Hibernate Commons Annotations {5.0.4.Final}
[2m2019-12-10 13:13:08.344[0;39m [32m INFO[0;39m [35m2080[0;39m [2m---[0;39m [2m[           main][0;39m [36morg.hibernate.dialect.Dialect           [0;39m [2m:[0;39m HHH000400: Using dialect: org.hibernate.dialect.H2Dialect
[2m2019-12-10 13:13:09.015[0;39m [32m INFO[0;39m [35m2080[0;39m [2m---[0;39m [2m[           main][0;39m [36mo.h.t.schema.internal.SchemaCreatorImpl [0;39m [2m:[0;39m HHH000476: Executing import script 'org.hibernate.tool.schema.internal.exec.ScriptSourceInputNonExistentImpl@41bbb219'
[2m2019-12-10 13:13:09.019[0;39m [32m INFO[0;39m [35m2080[0;39m [2m---[0;39m [2m[           main][0;39m [36mj.LocalContainerEntityManagerFactoryBean[0;39m [2m:[0;39m Initialized JPA EntityManagerFactory for persistence unit 'default'
[2m2019-12-10 13:13:09.532[0;39m [32m INFO[0;39m [35m2080[0;39m [2m---[0;39m [2m[           main][0;39m [36mo.s.s.concurrent.ThreadPoolTaskExecutor [0;39m [2m:[0;39m Initializing ExecutorService 'applicationTaskExecutor'
[2m2019-12-10 13:13:09.566[0;39m [33m WARN[0;39m [35m2080[0;39m [2m---[0;39m [2m[           main][0;39m [36maWebConfiguration$JpaWebMvcConfiguration[0;39m [2m:[0;39m spring.jpa.open-in-view is enabled by default. Therefore, database queries may be performed during view rendering. Explicitly configure spring.jpa.open-in-view to disable this warning
[2m2019-12-10 13:13:09.757[0;39m [32m INFO[0;39m [35m2080[0;39m [2m---[0;39m [2m[           main][0;39m [36mo.s.s.c.ThreadPoolTaskScheduler         [0;39m [2m:[0;39m Initializing ExecutorService
[2m2019-12-10 13:13:09.852[0;39m [32m INFO[0;39m [35m2080[0;39m [2m---[0;39m [2m[           main][0;39m [36mo.s.s.c.ThreadPoolTaskScheduler         [0;39m [2m:[0;39m Initializing ExecutorService 'taskScheduler'
[2m2019-12-10 13:13:09.868[0;39m [32m INFO[0;39m [35m2080[0;39m [2m---[0;39m [2m[           main][0;39m [36mo.s.b.a.e.web.EndpointLinksResolver     [0;39m [2m:[0;39m Exposing 17 endpoint(s) beneath base path '/manage'
[2m2019-12-10 13:13:09.953[0;39m [32m INFO[0;39m [35m2080[0;39m [2m---[0;39m [2m[           main][0;39m [36mo.s.b.w.embedded.tomcat.TomcatWebServer [0;39m [2m:[0;39m Tomcat started on port(s): 8000 (http) with context path '/api'
[2m2019-12-10 13:13:09.958[0;39m [32m INFO[0;39m [35m2080[0;39m [2m---[0;39m [2m[           main][0;39m [36mc.n.s.SpringBootAdminClientApplication  [0;39m [2m:[0;39m Started SpringBootAdminClientApplication in 7.325 seconds (JVM running for 8.633)
[2m2019-12-10 13:13:10.633[0;39m [32m INFO[0;39m [35m2080[0;39m [2m---[0;39m [2m[4)-10.10.15.247][0;39m [36mo.a.c.c.C.[Tomcat].[localhost].[/api]   [0;39m [2m:[0;39m Initializing Spring DispatcherServlet 'dispatcherServlet'
[2m2019-12-10 13:13:10.634[0;39m [32m INFO[0;39m [35m2080[0;39m [2m---[0;39m [2m[4)-10.10.15.247][0;39m [36mo.s.web.servlet.DispatcherServlet       [0;39m [2m:[0;39m Initializing Servlet 'dispatcherServlet'
[2m2019-12-10 13:13:10.644[0;39m [32m INFO[0;39m [35m2080[0;39m [2m---[0;39m [2m[4)-10.10.15.247][0;39m [36mo.s.web.servlet.DispatcherServlet       [0;39m [2m:[0;39m Completed initialization in 9 ms
[2m2019-12-10 13:13:11.168[0;39m [32m INFO[0;39m [35m2080[0;39m [2m---[0;39m [2m[gistrationTask1][0;39m [36md.c.b.a.c.r.ApplicationRegistrator      [0;39m [2m:[0;39m Application registered itself as d4a0f3829a17
[2m2019-12-10 13:14:00.002[0;39m [32m INFO[0;39m [35m2080[0;39m [2m---[0;39m [2m[   scheduling-1][0;39m [36mc.n.s.scheduler.DeleteUsersScheduler    [0;39m [2m:[0;39m === CRON DELETE ALL USERS ===
[2m2019-12-10 13:14:00.059[0;39m [32m INFO[0;39m [35m2080[0;39m [2m---[0;39m [2m[   scheduling-1][0;39m [36mo.h.h.i.QueryTranslatorFactoryInitiator [0;39m [2m:[0;39m HHH000397: Using ASTQueryTranslatorFactory
[2m2019-12-10 13:15:00.002[0;39m [32m INFO[0;39m [35m2080[0;39m [2m---[0;39m [2m[   scheduling-1][0;39m [36mc.n.s.scheduler.DeleteUsersScheduler    [0;39m [2m:[0;39m === CRON DELETE ALL USERS ===
